The system is: Linux - 3.10.0-229.11.1.el7.x86_64 - x86_64
Compiling the C compiler identification source file "CMakeCCompilerId.c" succeeded.
Compiler: /usr/bin/cc 
Build flags: 
Id flags: 

The output was:
0


Compilation of the C compiler identification source "CMakeCCompilerId.c" produced "a.out"

The C compiler identification is GNU, found in "/root/MaxScale-develop/pcre2/CMakeFiles/2.8.12.2/CompilerIdC/a.out"

Determining if the C compiler works passed with the following output:
Change Dir: /root/MaxScale-develop/pcre2/CMakeFiles/CMakeTmp

Run Build Command:/usr/bin/gmake "cmTryCompileExec720010886/fast"
/usr/bin/gmake -f CMakeFiles/cmTryCompileExec720010886.dir/build.make CMakeFiles/cmTryCompileExec720010886.dir/build
gmake[1]: Entering directory `/root/MaxScale-develop/pcre2/CMakeFiles/CMakeTmp'
/usr/local/bin/cmake -E cmake_progress_report /root/MaxScale-develop/pcre2/CMakeFiles/CMakeTmp/CMakeFiles 1
Building C object CMakeFiles/cmTryCompileExec720010886.dir/testCCompiler.c.o
/usr/bin/cc    -o CMakeFiles/cmTryCompileExec720010886.dir/testCCompiler.c.o   -c /root/MaxScale-develop/pcre2/CMakeFiles/CMakeTmp/testCCompiler.c
Linking C executable cmTryCompileExec720010886
/usr/local/bin/cmake -E cmake_link_script CMakeFiles/cmTryCompileExec720010886.dir/link.txt --verbose=1
/usr/bin/cc       CMakeFiles/cmTryCompileExec720010886.dir/testCCompiler.c.o  -o cmTryCompileExec720010886 -rdynamic 
gmake[1]: Leaving directory `/root/MaxScale-develop/pcre2/CMakeFiles/CMakeTmp'


Detecting C compiler ABI info compiled with the following output:
Change Dir: /root/MaxScale-develop/pcre2/CMakeFiles/CMakeTmp

Run Build Command:/usr/bin/gmake "cmTryCompileExec3903924090/fast"
/usr/bin/gmake -f CMakeFiles/cmTryCompileExec3903924090.dir/build.make CMakeFiles/cmTryCompileExec3903924090.dir/build
gmake[1]: Entering directory `/root/MaxScale-develop/pcre2/CMakeFiles/CMakeTmp'
/usr/local/bin/cmake -E cmake_progress_report /root/MaxScale-develop/pcre2/CMakeFiles/CMakeTmp/CMakeFiles 1
Building C object CMakeFiles/cmTryCompileExec3903924090.dir/CMakeCCompilerABI.c.o
/usr/bin/cc    -o CMakeFiles/cmTryCompileExec3903924090.dir/CMakeCCompilerABI.c.o   -c /usr/local/share/cmake-2.8/Modules/CMakeCCompilerABI.c
Linking C executable cmTryCompileExec3903924090
/usr/local/bin/cmake -E cmake_link_script CMakeFiles/cmTryCompileExec3903924090.dir/link.txt --verbose=1
/usr/bin/cc     -v CMakeFiles/cmTryCompileExec3903924090.dir/CMakeCCompilerABI.c.o  -o cmTryCompileExec3903924090 -rdynamic  
Using built-in specs.
COLLECT_GCC=/usr/bin/cc
COLLECT_LTO_WRAPPER=/usr/libexec/gcc/x86_64-redhat-linux/4.8.5/lto-wrapper
Target: x86_64-redhat-linux
Configured with: ../configure --prefix=/usr --mandir=/usr/share/man --infodir=/usr/share/info --with-bugurl=http://bugzilla.redhat.com/bugzilla --enable-bootstrap --enable-shared --enable-threads=posix --enable-checking=release --with-system-zlib --enable-__cxa_atexit --disable-libunwind-exceptions --enable-gnu-unique-object --enable-linker-build-id --with-linker-hash-style=gnu --enable-languages=c,c++,objc,obj-c++,java,fortran,ada,go,lto --enable-plugin --enable-initfini-array --disable-libgcj --with-isl=/builddir/build/BUILD/gcc-4.8.5-20150702/obj-x86_64-redhat-linux/isl-install --with-cloog=/builddir/build/BUILD/gcc-4.8.5-20150702/obj-x86_64-redhat-linux/cloog-install --enable-gnu-indirect-function --with-tune=generic --with-arch_32=x86-64 --build=x86_64-redhat-linux
Thread model: posix
gcc version 4.8.5 20150623 (Red Hat 4.8.5-4) (GCC) 
COMPILER_PATH=/usr/libexec/gcc/x86_64-redhat-linux/4.8.5/:/usr/libexec/gcc/x86_64-redhat-linux/4.8.5/:/usr/libexec/gcc/x86_64-redhat-linux/:/usr/lib/gcc/x86_64-redhat-linux/4.8.5/:/usr/lib/gcc/x86_64-redhat-linux/
LIBRARY_PATH=/usr/lib/gcc/x86_64-redhat-linux/4.8.5/:/usr/lib/gcc/x86_64-redhat-linux/4.8.5/../../../../lib64/:/lib/../lib64/:/usr/lib/../lib64/:/usr/lib/gcc/x86_64-redhat-linux/4.8.5/../../../:/lib/:/usr/lib/
COLLECT_GCC_OPTIONS='-v' '-o' 'cmTryCompileExec3903924090' '-rdynamic' '-mtune=generic' '-march=x86-64'
 /usr/libexec/gcc/x86_64-redhat-linux/4.8.5/collect2 --build-id --no-add-needed --eh-frame-hdr --hash-style=gnu -m elf_x86_64 -export-dynamic -dynamic-linker /lib64/ld-linux-x86-64.so.2 -o cmTryCompileExec3903924090 /usr/lib/gcc/x86_64-redhat-linux/4.8.5/../../../../lib64/crt1.o /usr/lib/gcc/x86_64-redhat-linux/4.8.5/../../../../lib64/crti.o /usr/lib/gcc/x86_64-redhat-linux/4.8.5/crtbegin.o -L/usr/lib/gcc/x86_64-redhat-linux/4.8.5 -L/usr/lib/gcc/x86_64-redhat-linux/4.8.5/../../../../lib64 -L/lib/../lib64 -L/usr/lib/../lib64 -L/usr/lib/gcc/x86_64-redhat-linux/4.8.5/../../.. CMakeFiles/cmTryCompileExec3903924090.dir/CMakeCCompilerABI.c.o -lgcc --as-needed -lgcc_s --no-as-needed -lc -lgcc --as-needed -lgcc_s --no-as-needed /usr/lib/gcc/x86_64-redhat-linux/4.8.5/crtend.o /usr/lib/gcc/x86_64-redhat-linux/4.8.5/../../../../lib64/crtn.o
gmake[1]: Leaving directory `/root/MaxScale-develop/pcre2/CMakeFiles/CMakeTmp'


Parsed C implicit link information from above output:
  link line regex: [^( *|.*[/\])(ld|([^/\]+-)?ld|collect2)[^/\]*( |$)]
  ignore line: [Change Dir: /root/MaxScale-develop/pcre2/CMakeFiles/CMakeTmp]
  ignore line: []
  ignore line: [Run Build Command:/usr/bin/gmake "cmTryCompileExec3903924090/fast"]
  ignore line: [/usr/bin/gmake -f CMakeFiles/cmTryCompileExec3903924090.dir/build.make CMakeFiles/cmTryCompileExec3903924090.dir/build]
  ignore line: [gmake[1]: Entering directory `/root/MaxScale-develop/pcre2/CMakeFiles/CMakeTmp']
  ignore line: [/usr/local/bin/cmake -E cmake_progress_report /root/MaxScale-develop/pcre2/CMakeFiles/CMakeTmp/CMakeFiles 1]
  ignore line: [Building C object CMakeFiles/cmTryCompileExec3903924090.dir/CMakeCCompilerABI.c.o]
  ignore line: [/usr/bin/cc    -o CMakeFiles/cmTryCompileExec3903924090.dir/CMakeCCompilerABI.c.o   -c /usr/local/share/cmake-2.8/Modules/CMakeCCompilerABI.c]
  ignore line: [Linking C executable cmTryCompileExec3903924090]
  ignore line: [/usr/local/bin/cmake -E cmake_link_script CMakeFiles/cmTryCompileExec3903924090.dir/link.txt --verbose=1]
  ignore line: [/usr/bin/cc     -v CMakeFiles/cmTryCompileExec3903924090.dir/CMakeCCompilerABI.c.o  -o cmTryCompileExec3903924090 -rdynamic  ]
  ignore line: [Using built-in specs.]
  ignore line: [COLLECT_GCC=/usr/bin/cc]
  ignore line: [COLLECT_LTO_WRAPPER=/usr/libexec/gcc/x86_64-redhat-linux/4.8.5/lto-wrapper]
  ignore line: [Target: x86_64-redhat-linux]
  ignore line: [Configured with: ../configure --prefix=/usr --mandir=/usr/share/man --infodir=/usr/share/info --with-bugurl=http://bugzilla.redhat.com/bugzilla --enable-bootstrap --enable-shared --enable-threads=posix --enable-checking=release --with-system-zlib --enable-__cxa_atexit --disable-libunwind-exceptions --enable-gnu-unique-object --enable-linker-build-id --with-linker-hash-style=gnu --enable-languages=c,c++,objc,obj-c++,java,fortran,ada,go,lto --enable-plugin --enable-initfini-array --disable-libgcj --with-isl=/builddir/build/BUILD/gcc-4.8.5-20150702/obj-x86_64-redhat-linux/isl-install --with-cloog=/builddir/build/BUILD/gcc-4.8.5-20150702/obj-x86_64-redhat-linux/cloog-install --enable-gnu-indirect-function --with-tune=generic --with-arch_32=x86-64 --build=x86_64-redhat-linux]
  ignore line: [Thread model: posix]
  ignore line: [gcc version 4.8.5 20150623 (Red Hat 4.8.5-4) (GCC) ]
  ignore line: [COMPILER_PATH=/usr/libexec/gcc/x86_64-redhat-linux/4.8.5/:/usr/libexec/gcc/x86_64-redhat-linux/4.8.5/:/usr/libexec/gcc/x86_64-redhat-linux/:/usr/lib/gcc/x86_64-redhat-linux/4.8.5/:/usr/lib/gcc/x86_64-redhat-linux/]
  ignore line: [LIBRARY_PATH=/usr/lib/gcc/x86_64-redhat-linux/4.8.5/:/usr/lib/gcc/x86_64-redhat-linux/4.8.5/../../../../lib64/:/lib/../lib64/:/usr/lib/../lib64/:/usr/lib/gcc/x86_64-redhat-linux/4.8.5/../../../:/lib/:/usr/lib/]
  ignore line: [COLLECT_GCC_OPTIONS='-v' '-o' 'cmTryCompileExec3903924090' '-rdynamic' '-mtune=generic' '-march=x86-64']
  link line: [ /usr/libexec/gcc/x86_64-redhat-linux/4.8.5/collect2 --build-id --no-add-needed --eh-frame-hdr --hash-style=gnu -m elf_x86_64 -export-dynamic -dynamic-linker /lib64/ld-linux-x86-64.so.2 -o cmTryCompileExec3903924090 /usr/lib/gcc/x86_64-redhat-linux/4.8.5/../../../../lib64/crt1.o /usr/lib/gcc/x86_64-redhat-linux/4.8.5/../../../../lib64/crti.o /usr/lib/gcc/x86_64-redhat-linux/4.8.5/crtbegin.o -L/usr/lib/gcc/x86_64-redhat-linux/4.8.5 -L/usr/lib/gcc/x86_64-redhat-linux/4.8.5/../../../../lib64 -L/lib/../lib64 -L/usr/lib/../lib64 -L/usr/lib/gcc/x86_64-redhat-linux/4.8.5/../../.. CMakeFiles/cmTryCompileExec3903924090.dir/CMakeCCompilerABI.c.o -lgcc --as-needed -lgcc_s --no-as-needed -lc -lgcc --as-needed -lgcc_s --no-as-needed /usr/lib/gcc/x86_64-redhat-linux/4.8.5/crtend.o /usr/lib/gcc/x86_64-redhat-linux/4.8.5/../../../../lib64/crtn.o]
    arg [/usr/libexec/gcc/x86_64-redhat-linux/4.8.5/collect2] ==> ignore
    arg [--build-id] ==> ignore
    arg [--no-add-needed] ==> ignore
    arg [--eh-frame-hdr] ==> ignore
    arg [--hash-style=gnu] ==> ignore
    arg [-m] ==> ignore
    arg [elf_x86_64] ==> ignore
    arg [-export-dynamic] ==> ignore
    arg [-dynamic-linker] ==> ignore
    arg [/lib64/ld-linux-x86-64.so.2] ==> ignore
    arg [-o] ==> ignore
    arg [cmTryCompileExec3903924090] ==> ignore
    arg [/usr/lib/gcc/x86_64-redhat-linux/4.8.5/../../../../lib64/crt1.o] ==> ignore
    arg [/usr/lib/gcc/x86_64-redhat-linux/4.8.5/../../../../lib64/crti.o] ==> ignore
    arg [/usr/lib/gcc/x86_64-redhat-linux/4.8.5/crtbegin.o] ==> ignore
    arg [-L/usr/lib/gcc/x86_64-redhat-linux/4.8.5] ==> dir [/usr/lib/gcc/x86_64-redhat-linux/4.8.5]
    arg [-L/usr/lib/gcc/x86_64-redhat-linux/4.8.5/../../../../lib64] ==> dir [/usr/lib/gcc/x86_64-redhat-linux/4.8.5/../../../../lib64]
    arg [-L/lib/../lib64] ==> dir [/lib/../lib64]
    arg [-L/usr/lib/../lib64] ==> dir [/usr/lib/../lib64]
    arg [-L/usr/lib/gcc/x86_64-redhat-linux/4.8.5/../../..] ==> dir [/usr/lib/gcc/x86_64-redhat-linux/4.8.5/../../..]
    arg [CMakeFiles/cmTryCompileExec3903924090.dir/CMakeCCompilerABI.c.o] ==> ignore
    arg [-lgcc] ==> lib [gcc]
    arg [--as-needed] ==> ignore
    arg [-lgcc_s] ==> lib [gcc_s]
    arg [--no-as-needed] ==> ignore
    arg [-lc] ==> lib [c]
    arg [-lgcc] ==> lib [gcc]
    arg [--as-needed] ==> ignore
    arg [-lgcc_s] ==> lib [gcc_s]
    arg [--no-as-needed] ==> ignore
    arg [/usr/lib/gcc/x86_64-redhat-linux/4.8.5/crtend.o] ==> ignore
    arg [/usr/lib/gcc/x86_64-redhat-linux/4.8.5/../../../../lib64/crtn.o] ==> ignore
  remove lib [gcc]
  remove lib [gcc_s]
  remove lib [gcc]
  remove lib [gcc_s]
  collapse library dir [/usr/lib/gcc/x86_64-redhat-linux/4.8.5] ==> [/usr/lib/gcc/x86_64-redhat-linux/4.8.5]
  collapse library dir [/usr/lib/gcc/x86_64-redhat-linux/4.8.5/../../../../lib64] ==> [/usr/lib64]
  collapse library dir [/lib/../lib64] ==> [/lib64]
  collapse library dir [/usr/lib/../lib64] ==> [/usr/lib64]
  collapse library dir [/usr/lib/gcc/x86_64-redhat-linux/4.8.5/../../..] ==> [/usr/lib]
  implicit libs: [c]
  implicit dirs: [/usr/lib/gcc/x86_64-redhat-linux/4.8.5;/usr/lib64;/lib64;/usr/lib]
  implicit fwks: []


Determining if the function BZ2_bzCompressInit exists in the /usr/lib64/libbz2.so passed with the following output:
Change Dir: /root/MaxScale-develop/pcre2/CMakeFiles/CMakeTmp

Run Build Command:/usr/bin/gmake "cmTryCompileExec2818457979/fast"
/usr/bin/gmake -f CMakeFiles/cmTryCompileExec2818457979.dir/build.make CMakeFiles/cmTryCompileExec2818457979.dir/build
gmake[1]: Entering directory `/root/MaxScale-develop/pcre2/CMakeFiles/CMakeTmp'
/usr/local/bin/cmake -E cmake_progress_report /root/MaxScale-develop/pcre2/CMakeFiles/CMakeTmp/CMakeFiles 1
Building C object CMakeFiles/cmTryCompileExec2818457979.dir/CheckFunctionExists.c.o
/usr/bin/cc   -I/root/MaxScale-develop/pcre2/src  -DCHECK_FUNCTION_EXISTS=BZ2_bzCompressInit   -o CMakeFiles/cmTryCompileExec2818457979.dir/CheckFunctionExists.c.o   -c /usr/local/share/cmake-2.8/Modules/CheckFunctionExists.c
Linking C executable cmTryCompileExec2818457979
/usr/local/bin/cmake -E cmake_link_script CMakeFiles/cmTryCompileExec2818457979.dir/link.txt --verbose=1
/usr/bin/cc  -I/root/MaxScale-develop/pcre2/src  -DCHECK_FUNCTION_EXISTS=BZ2_bzCompressInit    CMakeFiles/cmTryCompileExec2818457979.dir/CheckFunctionExists.c.o  -o cmTryCompileExec2818457979 -rdynamic -lbz2 
gmake[1]: Leaving directory `/root/MaxScale-develop/pcre2/CMakeFiles/CMakeTmp'


Determining if the include file dirent.h exists passed with the following output:
Change Dir: /root/MaxScale-develop/pcre2/CMakeFiles/CMakeTmp

Run Build Command:/usr/bin/gmake "cmTryCompileExec1772269853/fast"
/usr/bin/gmake -f CMakeFiles/cmTryCompileExec1772269853.dir/build.make CMakeFiles/cmTryCompileExec1772269853.dir/build
gmake[1]: Entering directory `/root/MaxScale-develop/pcre2/CMakeFiles/CMakeTmp'
/usr/local/bin/cmake -E cmake_progress_report /root/MaxScale-develop/pcre2/CMakeFiles/CMakeTmp/CMakeFiles 1
Building C object CMakeFiles/cmTryCompileExec1772269853.dir/CheckIncludeFile.c.o
/usr/bin/cc   -I/root/MaxScale-develop/pcre2/src     -o CMakeFiles/cmTryCompileExec1772269853.dir/CheckIncludeFile.c.o   -c /root/MaxScale-develop/pcre2/CMakeFiles/CMakeTmp/CheckIncludeFile.c
Linking C executable cmTryCompileExec1772269853
/usr/local/bin/cmake -E cmake_link_script CMakeFiles/cmTryCompileExec1772269853.dir/link.txt --verbose=1
/usr/bin/cc  -I/root/MaxScale-develop/pcre2/src      CMakeFiles/cmTryCompileExec1772269853.dir/CheckIncludeFile.c.o  -o cmTryCompileExec1772269853 -rdynamic 
gmake[1]: Leaving directory `/root/MaxScale-develop/pcre2/CMakeFiles/CMakeTmp'


Determining if the include file stdint.h exists passed with the following output:
Change Dir: /root/MaxScale-develop/pcre2/CMakeFiles/CMakeTmp

Run Build Command:/usr/bin/gmake "cmTryCompileExec4035607635/fast"
/usr/bin/gmake -f CMakeFiles/cmTryCompileExec4035607635.dir/build.make CMakeFiles/cmTryCompileExec4035607635.dir/build
gmake[1]: Entering directory `/root/MaxScale-develop/pcre2/CMakeFiles/CMakeTmp'
/usr/local/bin/cmake -E cmake_progress_report /root/MaxScale-develop/pcre2/CMakeFiles/CMakeTmp/CMakeFiles 1
Building C object CMakeFiles/cmTryCompileExec4035607635.dir/CheckIncludeFile.c.o
/usr/bin/cc   -I/root/MaxScale-develop/pcre2/src     -o CMakeFiles/cmTryCompileExec4035607635.dir/CheckIncludeFile.c.o   -c /root/MaxScale-develop/pcre2/CMakeFiles/CMakeTmp/CheckIncludeFile.c
Linking C executable cmTryCompileExec4035607635
/usr/local/bin/cmake -E cmake_link_script CMakeFiles/cmTryCompileExec4035607635.dir/link.txt --verbose=1
/usr/bin/cc  -I/root/MaxScale-develop/pcre2/src      CMakeFiles/cmTryCompileExec4035607635.dir/CheckIncludeFile.c.o  -o cmTryCompileExec4035607635 -rdynamic 
gmake[1]: Leaving directory `/root/MaxScale-develop/pcre2/CMakeFiles/CMakeTmp'


Determining if the include file inttypes.h exists passed with the following output:
Change Dir: /root/MaxScale-develop/pcre2/CMakeFiles/CMakeTmp

Run Build Command:/usr/bin/gmake "cmTryCompileExec1945341477/fast"
/usr/bin/gmake -f CMakeFiles/cmTryCompileExec1945341477.dir/build.make CMakeFiles/cmTryCompileExec1945341477.dir/build
gmake[1]: Entering directory `/root/MaxScale-develop/pcre2/CMakeFiles/CMakeTmp'
/usr/local/bin/cmake -E cmake_progress_report /root/MaxScale-develop/pcre2/CMakeFiles/CMakeTmp/CMakeFiles 1
Building C object CMakeFiles/cmTryCompileExec1945341477.dir/CheckIncludeFile.c.o
/usr/bin/cc   -I/root/MaxScale-develop/pcre2/src     -o CMakeFiles/cmTryCompileExec1945341477.dir/CheckIncludeFile.c.o   -c /root/MaxScale-develop/pcre2/CMakeFiles/CMakeTmp/CheckIncludeFile.c
Linking C executable cmTryCompileExec1945341477
/usr/local/bin/cmake -E cmake_link_script CMakeFiles/cmTryCompileExec1945341477.dir/link.txt --verbose=1
/usr/bin/cc  -I/root/MaxScale-develop/pcre2/src      CMakeFiles/cmTryCompileExec1945341477.dir/CheckIncludeFile.c.o  -o cmTryCompileExec1945341477 -rdynamic 
gmake[1]: Leaving directory `/root/MaxScale-develop/pcre2/CMakeFiles/CMakeTmp'


Determining if the include file sys/stat.h exists passed with the following output:
Change Dir: /root/MaxScale-develop/pcre2/CMakeFiles/CMakeTmp

Run Build Command:/usr/bin/gmake "cmTryCompileExec2062163389/fast"
/usr/bin/gmake -f CMakeFiles/cmTryCompileExec2062163389.dir/build.make CMakeFiles/cmTryCompileExec2062163389.dir/build
gmake[1]: Entering directory `/root/MaxScale-develop/pcre2/CMakeFiles/CMakeTmp'
/usr/local/bin/cmake -E cmake_progress_report /root/MaxScale-develop/pcre2/CMakeFiles/CMakeTmp/CMakeFiles 1
Building C object CMakeFiles/cmTryCompileExec2062163389.dir/CheckIncludeFile.c.o
/usr/bin/cc   -I/root/MaxScale-develop/pcre2/src     -o CMakeFiles/cmTryCompileExec2062163389.dir/CheckIncludeFile.c.o   -c /root/MaxScale-develop/pcre2/CMakeFiles/CMakeTmp/CheckIncludeFile.c
Linking C executable cmTryCompileExec2062163389
/usr/local/bin/cmake -E cmake_link_script CMakeFiles/cmTryCompileExec2062163389.dir/link.txt --verbose=1
/usr/bin/cc  -I/root/MaxScale-develop/pcre2/src      CMakeFiles/cmTryCompileExec2062163389.dir/CheckIncludeFile.c.o  -o cmTryCompileExec2062163389 -rdynamic 
gmake[1]: Leaving directory `/root/MaxScale-develop/pcre2/CMakeFiles/CMakeTmp'


Determining if the include file sys/types.h exists passed with the following output:
Change Dir: /root/MaxScale-develop/pcre2/CMakeFiles/CMakeTmp

Run Build Command:/usr/bin/gmake "cmTryCompileExec1380898204/fast"
/usr/bin/gmake -f CMakeFiles/cmTryCompileExec1380898204.dir/build.make CMakeFiles/cmTryCompileExec1380898204.dir/build
gmake[1]: Entering directory `/root/MaxScale-develop/pcre2/CMakeFiles/CMakeTmp'
/usr/local/bin/cmake -E cmake_progress_report /root/MaxScale-develop/pcre2/CMakeFiles/CMakeTmp/CMakeFiles 1
Building C object CMakeFiles/cmTryCompileExec1380898204.dir/CheckIncludeFile.c.o
/usr/bin/cc   -I/root/MaxScale-develop/pcre2/src     -o CMakeFiles/cmTryCompileExec1380898204.dir/CheckIncludeFile.c.o   -c /root/MaxScale-develop/pcre2/CMakeFiles/CMakeTmp/CheckIncludeFile.c
Linking C executable cmTryCompileExec1380898204
/usr/local/bin/cmake -E cmake_link_script CMakeFiles/cmTryCompileExec1380898204.dir/link.txt --verbose=1
/usr/bin/cc  -I/root/MaxScale-develop/pcre2/src      CMakeFiles/cmTryCompileExec1380898204.dir/CheckIncludeFile.c.o  -o cmTryCompileExec1380898204 -rdynamic 
gmake[1]: Leaving directory `/root/MaxScale-develop/pcre2/CMakeFiles/CMakeTmp'


Determining if the include file unistd.h exists passed with the following output:
Change Dir: /root/MaxScale-develop/pcre2/CMakeFiles/CMakeTmp

Run Build Command:/usr/bin/gmake "cmTryCompileExec512861307/fast"
/usr/bin/gmake -f CMakeFiles/cmTryCompileExec512861307.dir/build.make CMakeFiles/cmTryCompileExec512861307.dir/build
gmake[1]: Entering directory `/root/MaxScale-develop/pcre2/CMakeFiles/CMakeTmp'
/usr/local/bin/cmake -E cmake_progress_report /root/MaxScale-develop/pcre2/CMakeFiles/CMakeTmp/CMakeFiles 1
Building C object CMakeFiles/cmTryCompileExec512861307.dir/CheckIncludeFile.c.o
/usr/bin/cc   -I/root/MaxScale-develop/pcre2/src     -o CMakeFiles/cmTryCompileExec512861307.dir/CheckIncludeFile.c.o   -c /root/MaxScale-develop/pcre2/CMakeFiles/CMakeTmp/CheckIncludeFile.c
Linking C executable cmTryCompileExec512861307
/usr/local/bin/cmake -E cmake_link_script CMakeFiles/cmTryCompileExec512861307.dir/link.txt --verbose=1
/usr/bin/cc  -I/root/MaxScale-develop/pcre2/src      CMakeFiles/cmTryCompileExec512861307.dir/CheckIncludeFile.c.o  -o cmTryCompileExec512861307 -rdynamic 
gmake[1]: Leaving directory `/root/MaxScale-develop/pcre2/CMakeFiles/CMakeTmp'


Determining if the function bcopy exists passed with the following output:
Change Dir: /root/MaxScale-develop/pcre2/CMakeFiles/CMakeTmp

Run Build Command:/usr/bin/gmake "cmTryCompileExec2850324656/fast"
/usr/bin/gmake -f CMakeFiles/cmTryCompileExec2850324656.dir/build.make CMakeFiles/cmTryCompileExec2850324656.dir/build
gmake[1]: Entering directory `/root/MaxScale-develop/pcre2/CMakeFiles/CMakeTmp'
/usr/local/bin/cmake -E cmake_progress_report /root/MaxScale-develop/pcre2/CMakeFiles/CMakeTmp/CMakeFiles 1
Building C object CMakeFiles/cmTryCompileExec2850324656.dir/CheckFunctionExists.c.o
/usr/bin/cc   -I/root/MaxScale-develop/pcre2/src  -DCHECK_FUNCTION_EXISTS=bcopy   -o CMakeFiles/cmTryCompileExec2850324656.dir/CheckFunctionExists.c.o   -c /usr/local/share/cmake-2.8/Modules/CheckFunctionExists.c
<command-line>:0:23: warning: conflicting types for built-in function ‘bcopy’ [enabled by default]
/usr/local/share/cmake-2.8/Modules/CheckFunctionExists.c:3:6: note: in expansion of macro ‘CHECK_FUNCTION_EXISTS’
 char CHECK_FUNCTION_EXISTS();
      ^
Linking C executable cmTryCompileExec2850324656
/usr/local/bin/cmake -E cmake_link_script CMakeFiles/cmTryCompileExec2850324656.dir/link.txt --verbose=1
/usr/bin/cc  -I/root/MaxScale-develop/pcre2/src  -DCHECK_FUNCTION_EXISTS=bcopy    CMakeFiles/cmTryCompileExec2850324656.dir/CheckFunctionExists.c.o  -o cmTryCompileExec2850324656 -rdynamic 
gmake[1]: Leaving directory `/root/MaxScale-develop/pcre2/CMakeFiles/CMakeTmp'


Determining if the function memmove exists passed with the following output:
Change Dir: /root/MaxScale-develop/pcre2/CMakeFiles/CMakeTmp

Run Build Command:/usr/bin/gmake "cmTryCompileExec1133784423/fast"
/usr/bin/gmake -f CMakeFiles/cmTryCompileExec1133784423.dir/build.make CMakeFiles/cmTryCompileExec1133784423.dir/build
gmake[1]: Entering directory `/root/MaxScale-develop/pcre2/CMakeFiles/CMakeTmp'
/usr/local/bin/cmake -E cmake_progress_report /root/MaxScale-develop/pcre2/CMakeFiles/CMakeTmp/CMakeFiles 1
Building C object CMakeFiles/cmTryCompileExec1133784423.dir/CheckFunctionExists.c.o
/usr/bin/cc   -I/root/MaxScale-develop/pcre2/src  -DCHECK_FUNCTION_EXISTS=memmove   -o CMakeFiles/cmTryCompileExec1133784423.dir/CheckFunctionExists.c.o   -c /usr/local/share/cmake-2.8/Modules/CheckFunctionExists.c
<command-line>:0:23: warning: conflicting types for built-in function ‘memmove’ [enabled by default]
/usr/local/share/cmake-2.8/Modules/CheckFunctionExists.c:3:6: note: in expansion of macro ‘CHECK_FUNCTION_EXISTS’
 char CHECK_FUNCTION_EXISTS();
      ^
Linking C executable cmTryCompileExec1133784423
/usr/local/bin/cmake -E cmake_link_script CMakeFiles/cmTryCompileExec1133784423.dir/link.txt --verbose=1
/usr/bin/cc  -I/root/MaxScale-develop/pcre2/src  -DCHECK_FUNCTION_EXISTS=memmove    CMakeFiles/cmTryCompileExec1133784423.dir/CheckFunctionExists.c.o  -o cmTryCompileExec1133784423 -rdynamic 
gmake[1]: Leaving directory `/root/MaxScale-develop/pcre2/CMakeFiles/CMakeTmp'


Determining if the function strerror exists passed with the following output:
Change Dir: /root/MaxScale-develop/pcre2/CMakeFiles/CMakeTmp

Run Build Command:/usr/bin/gmake "cmTryCompileExec2278567061/fast"
/usr/bin/gmake -f CMakeFiles/cmTryCompileExec2278567061.dir/build.make CMakeFiles/cmTryCompileExec2278567061.dir/build
gmake[1]: Entering directory `/root/MaxScale-develop/pcre2/CMakeFiles/CMakeTmp'
/usr/local/bin/cmake -E cmake_progress_report /root/MaxScale-develop/pcre2/CMakeFiles/CMakeTmp/CMakeFiles 1
Building C object CMakeFiles/cmTryCompileExec2278567061.dir/CheckFunctionExists.c.o
/usr/bin/cc   -I/root/MaxScale-develop/pcre2/src  -DCHECK_FUNCTION_EXISTS=strerror   -o CMakeFiles/cmTryCompileExec2278567061.dir/CheckFunctionExists.c.o   -c /usr/local/share/cmake-2.8/Modules/CheckFunctionExists.c
Linking C executable cmTryCompileExec2278567061
/usr/local/bin/cmake -E cmake_link_script CMakeFiles/cmTryCompileExec2278567061.dir/link.txt --verbose=1
/usr/bin/cc  -I/root/MaxScale-develop/pcre2/src  -DCHECK_FUNCTION_EXISTS=strerror    CMakeFiles/cmTryCompileExec2278567061.dir/CheckFunctionExists.c.o  -o cmTryCompileExec2278567061 -rdynamic 
gmake[1]: Leaving directory `/root/MaxScale-develop/pcre2/CMakeFiles/CMakeTmp'


